c:\users\ishaq\onedrive\desktop\randomprojects\cpp\openglscratch\openglscratch\x64\debug\vc143.pdb
c:\users\ishaq\onedrive\desktop\randomprojects\cpp\openglscratch\openglscratch\x64\debug\vc143.idb
c:\users\ishaq\onedrive\desktop\randomprojects\cpp\openglscratch\openglscratch\x64\debug\vertexbuffer.obj
c:\users\ishaq\onedrive\desktop\randomprojects\cpp\openglscratch\openglscratch\x64\debug\vertexarray.obj
c:\users\ishaq\onedrive\desktop\randomprojects\cpp\openglscratch\openglscratch\x64\debug\stb_image.obj
c:\users\ishaq\onedrive\desktop\randomprojects\cpp\openglscratch\openglscratch\x64\debug\imgui_widgets.obj
c:\users\ishaq\onedrive\desktop\randomprojects\cpp\openglscratch\openglscratch\x64\debug\imgui_tables.obj
c:\users\ishaq\onedrive\desktop\randomprojects\cpp\openglscratch\openglscratch\x64\debug\imgui_impl_opengl3.obj
c:\users\ishaq\onedrive\desktop\randomprojects\cpp\openglscratch\openglscratch\x64\debug\imgui_impl_glfw.obj
c:\users\ishaq\onedrive\desktop\randomprojects\cpp\openglscratch\openglscratch\x64\debug\imgui_draw.obj
c:\users\ishaq\onedrive\desktop\randomprojects\cpp\openglscratch\openglscratch\x64\debug\imgui_demo.obj
c:\users\ishaq\onedrive\desktop\randomprojects\cpp\openglscratch\openglscratch\x64\debug\imgui.obj
c:\users\ishaq\onedrive\desktop\randomprojects\cpp\openglscratch\openglscratch\x64\debug\glm.obj
c:\users\ishaq\onedrive\desktop\randomprojects\cpp\openglscratch\openglscratch\x64\debug\texture.obj
c:\users\ishaq\onedrive\desktop\randomprojects\cpp\openglscratch\openglscratch\x64\debug\testtexture.obj
c:\users\ishaq\onedrive\desktop\randomprojects\cpp\openglscratch\openglscratch\x64\debug\testclearcolor.obj
c:\users\ishaq\onedrive\desktop\randomprojects\cpp\openglscratch\openglscratch\x64\debug\shader.obj
c:\users\ishaq\onedrive\desktop\randomprojects\cpp\openglscratch\openglscratch\x64\debug\indexbuffer.obj
c:\users\ishaq\onedrive\desktop\randomprojects\cpp\openglscratch\openglscratch\x64\debug\renderer.obj
c:\users\ishaq\onedrive\desktop\randomprojects\cpp\openglscratch\openglscratch\x64\debug\test.obj
c:\users\ishaq\onedrive\desktop\randomprojects\cpp\openglscratch\openglscratch\x64\debug\main.obj
c:\users\ishaq\onedrive\desktop\randomprojects\cpp\openglscratch\x64\debug\openglscratch.exe
c:\users\ishaq\onedrive\desktop\randomprojects\cpp\openglscratch\openglscratch\x64\debug\openglscratch.ilk
c:\users\ishaq\onedrive\desktop\randomprojects\cpp\openglscratch\x64\debug\openglscratch.pdb
c:\users\ishaq\onedrive\desktop\randomprojects\cpp\openglscratch\openglscratch\x64\debug\openglscratch.tlog\cl.command.1.tlog
c:\users\ishaq\onedrive\desktop\randomprojects\cpp\openglscratch\openglscratch\x64\debug\openglscratch.tlog\cl.items.tlog
c:\users\ishaq\onedrive\desktop\randomprojects\cpp\openglscratch\openglscratch\x64\debug\openglscratch.tlog\cl.read.1.tlog
c:\users\ishaq\onedrive\desktop\randomprojects\cpp\openglscratch\openglscratch\x64\debug\openglscratch.tlog\cl.write.1.tlog
c:\users\ishaq\onedrive\desktop\randomprojects\cpp\openglscratch\openglscratch\x64\debug\openglscratch.tlog\link.command.1.tlog
c:\users\ishaq\onedrive\desktop\randomprojects\cpp\openglscratch\openglscratch\x64\debug\openglscratch.tlog\link.read.1.tlog
c:\users\ishaq\onedrive\desktop\randomprojects\cpp\openglscratch\openglscratch\x64\debug\openglscratch.tlog\link.write.1.tlog
